<?xml version="1.0" encoding="UTF-8"?>
<!-- Generated by org.testng.reporters.JUnitXMLReporter -->
<testsuite ignored="0" hostname="Manisha-DESKTOP-ME32ODQ" failures="0" tests="4" name="Test" time="80.371" errors="0" timestamp="22 Mar 2024 04:10:18 GMT">
  <testcase classname="testPackage.InvalidLoginTestCase" name="invalidLoginTC" time="23.227"/>
  <testcase classname="testPackage.ValidLoginTestCase" name="loginTestCase" time="6.136"/>
  <testcase classname="testPackage.CreateUserManager" name="createUserManagerTestCase" time="12.998"/>
  <testcase classname="testPackage.CreateNewCustomerAndProject" name="createNewCustomerAndProjectTestCase" time="21.004"/>
</testsuite> <!-- Test -->
