<?xml version="1.0" encoding="UTF-8"?>
<testng-results ignored="0" total="4" passed="4" failed="0" skipped="0">
  <reporter-output>
  </reporter-output>
  <suite started-at="2024-03-22T04:08:57Z" name="Suite" finished-at="2024-03-22T04:10:18Z" duration-ms="80371">
    <groups>
    </groups>
    <test started-at="2024-03-22T04:08:57Z" name="Test" finished-at="2024-03-22T04:10:18Z" duration-ms="80371">
      <class name="testPackage.ValidLoginTestCase">
        <test-method is-config="true" signature="setUp()[pri:0, instance:testPackage.ValidLoginTestCase@2421cc4]" started-at="2024-03-22T04:09:30Z" name="setUp" finished-at="2024-03-22T04:09:32Z" duration-ms="1903" status="PASS">
          <reporter-output>
          </reporter-output>
        </test-method> <!-- setUp -->
        <test-method signature="loginTestCase()[pri:0, instance:testPackage.ValidLoginTestCase@2421cc4]" started-at="2024-03-22T04:09:32Z" name="loginTestCase" finished-at="2024-03-22T04:09:38Z" duration-ms="6136" status="PASS">
          <reporter-output>
          </reporter-output>
        </test-method> <!-- loginTestCase -->
        <test-method is-config="true" signature="tearDown()[pri:0, instance:testPackage.ValidLoginTestCase@2421cc4]" started-at="2024-03-22T04:09:38Z" name="tearDown" finished-at="2024-03-22T04:09:39Z" duration-ms="492" status="PASS">
          <reporter-output>
          </reporter-output>
        </test-method> <!-- tearDown -->
      </class> <!-- testPackage.ValidLoginTestCase -->
      <class name="testPackage.CreateNewCustomerAndProject">
        <test-method is-config="true" signature="setUp()[pri:0, instance:testPackage.CreateNewCustomerAndProject@59a008ba]" started-at="2024-03-22T04:09:54Z" name="setUp" finished-at="2024-03-22T04:09:56Z" duration-ms="1846" status="PASS">
          <reporter-output>
          </reporter-output>
        </test-method> <!-- setUp -->
        <test-method signature="createNewCustomerAndProjectTestCase()[pri:0, instance:testPackage.CreateNewCustomerAndProject@59a008ba]" started-at="2024-03-22T04:09:56Z" name="createNewCustomerAndProjectTestCase" finished-at="2024-03-22T04:10:17Z" duration-ms="21004" status="PASS">
          <reporter-output>
          </reporter-output>
        </test-method> <!-- createNewCustomerAndProjectTestCase -->
        <test-method is-config="true" signature="tearDown()[pri:0, instance:testPackage.CreateNewCustomerAndProject@59a008ba]" started-at="2024-03-22T04:10:17Z" name="tearDown" finished-at="2024-03-22T04:10:18Z" duration-ms="552" status="PASS">
          <reporter-output>
          </reporter-output>
        </test-method> <!-- tearDown -->
      </class> <!-- testPackage.CreateNewCustomerAndProject -->
      <class name="testPackage.InvalidLoginTestCase">
        <test-method is-config="true" signature="setUp()[pri:0, instance:testPackage.InvalidLoginTestCase@7a220c9a]" started-at="2024-03-22T04:08:57Z" name="setUp" finished-at="2024-03-22T04:09:07Z" duration-ms="9317" status="PASS">
          <reporter-output>
          </reporter-output>
        </test-method> <!-- setUp -->
        <test-method signature="invalidLoginTC()[pri:0, instance:testPackage.InvalidLoginTestCase@7a220c9a]" started-at="2024-03-22T04:09:07Z" name="invalidLoginTC" finished-at="2024-03-22T04:09:30Z" duration-ms="23227" status="PASS">
          <reporter-output>
          </reporter-output>
        </test-method> <!-- invalidLoginTC -->
        <test-method is-config="true" signature="tearDown()[pri:0, instance:testPackage.InvalidLoginTestCase@7a220c9a]" started-at="2024-03-22T04:09:30Z" name="tearDown" finished-at="2024-03-22T04:09:30Z" duration-ms="510" status="PASS">
          <reporter-output>
          </reporter-output>
        </test-method> <!-- tearDown -->
      </class> <!-- testPackage.InvalidLoginTestCase -->
      <class name="testPackage.CreateUserManager">
        <test-method is-config="true" signature="setUp()[pri:0, instance:testPackage.CreateUserManager@30c93896]" started-at="2024-03-22T04:09:39Z" name="setUp" finished-at="2024-03-22T04:09:41Z" duration-ms="1754" status="PASS">
          <reporter-output>
          </reporter-output>
        </test-method> <!-- setUp -->
        <test-method signature="createUserManagerTestCase()[pri:0, instance:testPackage.CreateUserManager@30c93896]" started-at="2024-03-22T04:09:41Z" name="createUserManagerTestCase" finished-at="2024-03-22T04:09:54Z" duration-ms="12998" status="PASS">
          <reporter-output>
          </reporter-output>
        </test-method> <!-- createUserManagerTestCase -->
        <test-method is-config="true" signature="tearDown()[pri:0, instance:testPackage.CreateUserManager@30c93896]" started-at="2024-03-22T04:09:54Z" name="tearDown" finished-at="2024-03-22T04:09:54Z" duration-ms="587" status="PASS">
          <reporter-output>
          </reporter-output>
        </test-method> <!-- tearDown -->
      </class> <!-- testPackage.CreateUserManager -->
    </test> <!-- Test -->
  </suite> <!-- Suite -->
</testng-results>
