<?xml version="1.0" encoding="UTF-8"?>
<!-- Generated by org.testng.reporters.JUnitXMLReporter -->
<testsuite ignored="1" hostname="Manisha-DESKTOP-ME32ODQ" failures="0" tests="2" name="Test" time="28.135" errors="0" timestamp="15 Mar 2024 13:29:24 GMT">
  <testcase classname="testNGExecution.Remo" name="remo" time="17.366"/>
  <testcase classname="testNGExecution.Demo" name="demo" time="10.73"/>
  <testcase classname="testNGExecution.Sumo" name="sumo" time="0.0">
    <ignored/>
  </testcase> <!-- sumo -->
</testsuite> <!-- Test -->
