<?xml version="1.0" encoding="UTF-8"?>
<testng-results ignored="0" total="3" passed="3" failed="0" skipped="0">
  <reporter-output>
  </reporter-output>
  <suite started-at="2024-03-13T14:38:44Z" name="Suite" finished-at="2024-03-13T14:39:27Z" duration-ms="42841">
    <groups>
    </groups>
    <test started-at="2024-03-13T14:38:44Z" name="Test" finished-at="2024-03-13T14:39:27Z" duration-ms="42841">
      <class name="testNGExecution.Demo">
        <test-method signature="demo()[pri:0, instance:testNGExecution.Demo@4671115f]" started-at="2024-03-13T14:39:05Z" name="demo" finished-at="2024-03-13T14:39:17Z" duration-ms="12400" status="PASS">
          <reporter-output>
          </reporter-output>
        </test-method> <!-- demo -->
      </class> <!-- testNGExecution.Demo -->
      <class name="testNGExecution.Remo">
        <test-method signature="remo()[pri:0, instance:testNGExecution.Remo@36b4091c]" started-at="2024-03-13T14:38:44Z" name="remo" finished-at="2024-03-13T14:39:05Z" duration-ms="20727" status="PASS">
          <reporter-output>
          </reporter-output>
        </test-method> <!-- remo -->
      </class> <!-- testNGExecution.Remo -->
      <class name="testNGExecution.Sumo">
        <test-method signature="sumo()[pri:0, instance:testNGExecution.Sumo@36cda2c2]" started-at="2024-03-13T14:39:17Z" name="sumo" finished-at="2024-03-13T14:39:27Z" duration-ms="9691" status="PASS">
          <reporter-output>
          </reporter-output>
        </test-method> <!-- sumo -->
      </class> <!-- testNGExecution.Sumo -->
    </test> <!-- Test -->
  </suite> <!-- Suite -->
</testng-results>
