<?xml version="1.0" encoding="UTF-8"?>
<!-- Generated by org.testng.reporters.JUnitXMLReporter -->
<testsuite ignored="0" hostname="Manisha-DESKTOP-ME32ODQ" failures="0" tests="3" name="Default test" time="0.042" errors="0" timestamp="11 Mar 2024 14:33:12 GMT">
  <testcase classname="learningTestNG.FirstTestNGClass" name="login" time="0.011"/>
  <testcase classname="learningTestNG.FirstTestNGClass" name="addToCart" time="0.001"/>
  <testcase classname="learningTestNG.FirstTestNGClass" name="logout" time="0.001"/>
</testsuite> <!-- Default test -->
